<?xml version="1.0" encoding="UTF-8"?>
<testsuite name="AnimalTest" tests="1" skipped="0" failures="0" errors="0" timestamp="2020-02-11T13:24:28" hostname="umuzi-umuzi" time="0.003">
  <properties/>
  <testcase name="testCatSound" classname="AnimalTest" time="0.003"/>
  <system-out><![CDATA[]]></system-out>
  <system-err><![CDATA[]]></system-err>
</testsuite>
